<?xml version="1.0" encoding="UTF-8"?>
<!-- Generated by org.testng.reporters.JUnitXMLReporter -->
<testsuite ignored="0" hostname="DESKTOP-231E7KV" failures="1" tests="5" name="Test" time="4.717" errors="0" timestamp="2021-10-08T08:01:06 IST">
  <testcase classname="TestInput.TestExecution" name="InitilizeBrowser" time="4.347">
    <failure type="java.lang.AssertionError" message="null">
      <![CDATA[java.lang.AssertionError: null
at TestInput.TestExecution.InitilizeBrowser(TestExecution.java:35)
at java.base/java.util.ArrayList.forEach(ArrayList.java:1511)
... Removed 29 stack frames]]>
    </failure>
  </testcase> <!-- InitilizeBrowser -->
  <testcase classname="TestInput.TestExecution" name="ShipFrom" time="0.0">
    <skipped/>
  </testcase> <!-- ShipFrom -->
  <testcase classname="TestInput.TestExecution" name="ShipTo" time="0.0">
    <skipped/>
  </testcase> <!-- ShipTo -->
  <testcase classname="TestInput.TestExecution" name="Packages" time="0.0">
    <skipped/>
  </testcase> <!-- Packages -->
  <testcase classname="TestInput.TestExecution" name="GetRates" time="0.0">
    <skipped/>
  </testcase> <!-- GetRates -->
</testsuite> <!-- Test -->
